
ROM used:   28694/32768 (88%)
            28696/32768 (88%) including unused fragments

            2.0 Average locations per line
            14.3 Average locations per statement

RAM used:   737/2048 (36%) at main() level
            922/2048 (45%) worst case

Stack used: 11 worst case (10 in main + 1 for interrupts)
Stack size: 31

Lines Stmts  %   Files
----- ----- ---  -----
  283    98   5  18f4550+enc28j60_RyP.c
  865     0   0  ..\..\..\..\..\Program Files (x86)\PICC\Devices\18F4550.h
  251    81   4  LCD420PIC18F_RyP.c
  550    71   4  tcpip\stacktsk.c
  538     0   0  tcpip\stacktsk.h
  253     0   0  tcpip\pic18.h
  123     0   0  tcpip\hardware.h
  435     0   0  ..\..\..\..\..\Program Files (x86)\PICC\Devices\string.h
   32     0   0  ..\..\..\..\..\Program Files (x86)\PICC\Devices\stddef.h
   28     0   0  ..\..\..\..\..\Program Files (x86)\PICC\Devices\ctype.h
 1352   359  18  ..\..\..\..\..\Program Files (x86)\PICC\Devices\stdlib.h
  266    42   2  tcpip\helpers.c
   65     0   0  tcpip\helpers.h
  222     0   0  tcpip\mac.h
  538     0   0  tcpip\StackTsk.h
  726     0   0  tcpip\ENC28J60.h
  155    15   1  tcpip\tick.c
  148     0   0  tcpip\tick.h
 2231   325  16  tcpip\enc28j60.c
   65     0   0  tcpip\Helpers.h
  222     0   0  tcpip\MAC.h
   64     0   0  tcpip\http.h
  307    39   2  tcpip\ip.c
  258     0   0  tcpip\ip.h
 1933   569  28  tcpip\tcp.c
  408     0   0  tcpip\tcp.h
  257    31   2  tcpip\icmp.c
  151     0   0  tcpip\icmp.h
  213    31   2  tcpip\arptsk.c
  118     0   0  tcpip\arp.h
  128     0   0  tcpip\arptsk.h
  243    52   3  tcpip\arp.c
  882   289  14  tcpip\http.c
----- -----
14310  2002 Total

Page ROM  %  RAM    Vol Diff  Functions:
---- --- --- ---    --- ----  ----------
0     30   0    7             @READ_PROGRAM_MEMORY
0     40   0    1             @delay_ms1
0     32   0    1             @delay_us1
0     20   0    0             @const707
0     72   0    1    328  2.7  lcd_send_nibble
0     54   0    1    362  2.3  lcd_read_nibble
0     40   0    3    165  3.3  lcd_read_byte
0     78   0    3    319  4.1  lcd_send_byte
0    112   0    2    384  4.4  lcd_init
0     86   0    3    426  5.5  lcd_gotoxy
0     34   0    0             @goto33847
0    114   0    1    385  5.8  lcd_putc
0    222   0   13    496  8.2  memmove
0    136   0   11    318  6.5  strncpy
0    120   0    5    231  6.6  strcmp
0     74   0    9    266  6.5  memchr
0    126   0    9    288  6.0  strpbrk
0    148   0    9    346  7.5  strspn
0     56   0    5    129  4.6  strlen
0    180   0   10    496  8.2  strtok
0    244   0    6    503  9.7  stricmp
0     86   0    6             @MULS1616
0    476   1   11   1817 10.4  atol
0     92   0   14             @MUL3232
0    994   2   54   2308 12.4  strtoul
0    114   0    4    101  3.8  rand
0     72   0    5             @DIV1616
0     20   0    4     39  2.1  srand
0     22   0    4    178  3.0  swaps
0     34   0    8    325  3.2  swapl
0    238   0   20    989  9.4  CalcIPChecksum
0     22   0    0    138  2.9  TickInit
0     26   0    2     86  2.1  TickGet
0     32   0    0    230  1.8  Tick_Isr
0     28   0    0     90  1.7  ENCSPIInit
0     16   0    1     38  1.4  ENCSPIXfer
0    462   1    2   3878 11.2  MACInit
0     40   0    2     91  2.7  MACIsTxReady
0     40   0    2    118  3.9  MACGetTxBuffer
0      2   0    1     22  1.0  MACDiscardTx
0    108   0    2    636  7.5  MACDiscardRx
0    280   0    6   1307  9.3  MACGetFreeRxSize
0    324   1   26   1894 10.6  MACGetHeader
0    200   0    8    989  9.0  MACPutHeader
0    556   1   14   2697 11.5  MACFlush
0    124   0    6    692  7.2  MACSetRxBuffer
0    158   0    6    576  6.5  MACSetTxBuffer
0    264   0    8   1582  9.2  MACCalcRxChecksum
0    216   0    8    908  8.1  MACCalcTxChecksum
0    344   1    6   1772 10.9  CalcIPBufferChecksum
0     44   0    1    151  2.9  MACGet
0     96   0    8    281  5.5  MACGetArray
0     30   0    1    110  2.1  MACPut
0     70   0    5    187  4.4  MACPutArray
0     20   0    0     84  2.0  SendSystemReset
0     42   0    3    158  3.1  ReadETHReg
0     50   0    3    183  3.0  ReadMACReg
0    158   0    4    444  4.3  ReadPHYReg
0     30   0    3    123  2.8  WriteReg
0     30   0    3    123  2.8  BFCReg
0     30   0    3    123  2.8  BFSReg
0    144   0    6    322  4.7  WritePHYReg
0     50   0    5    149  4.7  BankSel
0    162   0    5    647  6.3  MACSetDuplex
0    230   0   32    857  7.7  IPGetHeader
0    288   1   29   1184  7.5  IPPutHeader
0     26   0    4     33  1.7  IPSetRxBuffer
0    200   0    6    183  1.9  SwapIPHeader
0    320   1    5   1194  8.7  TCPInit
0    236   0    7    761  7.6  TCPListen
0     42   0    4     53  3.0  TCPIsConnected
0    272   0   17    497  6.9  TCPDisconnect
0    398   1   20    635  7.1  TCPFlush
0    156   0    3    197  4.0  TCPIsPutReady
0    248   0    7    414  7.3  TCPPutAvailable
0    322   1    8    790  9.0  TCPPut
0     78   0    5    200  5.1  TCPDiscard
0    210   0    7    506  6.9  TCPGet
0     44   0    3     52  2.6  TCPIsGetReady
0   1102   2   22   3595 15.7  TCPTick
0     44   0    0             @goto36665
0    418   1   46   1562  9.6  TCPProcess
0    548   1   58   3289 11.6  TransmitTCP
0    478   1   12   1233  9.4  FindMatching_TCP_Socket
0    472   1    8    409  2.9  SwapTCPHeader
0    244   0    4    723  5.3  CloseSocket
0   2554   4   36   7845 13.9  HandleTCPSeg
0    208   0   89    711  7.5  ICMPGet
0    282   0   87   1247  7.7  ICMPPut
0    200   0    6    203  2.0  SwapICMPPacket
0     26   0    0    414  2.8  ARPInit
0    142   0   11    511  8.0  ARPProcess
0    232   0   34    803  7.6  ARPGet
0    378   1   36   1689  7.9  ARPPut
0    182   0    6    180  2.1  SwapARPPacket
0     68   0    0             @const2061
0     74   0    0             @const2064
0    224   0   13    626  8.4  http_escape_chars
0    182   0   13    618  6.8  http_parse_cgi_string
0      8   0    1     25  1.6  set_tcp_http_putc
0     14   0    1     42  2.1  tcp_http_putc
0    184   0   11    525  6.8  TCPPutFileVarChunk
0    378   1   20    944  7.9  TCPPutFileParseConst
0    194   0   12    746  7.4  TCPPutFileConstChunk
0     44   0    5     88  2.5  TCPPutFileConstGetEscape
0    884   2   18   2192 11.2  tcp_http_put_file
0     14   0    0             @const2150
0     42   0    3             @PSTRINGCN_2099
0    212   0   11             @PRINTF_LU_2099
0     10   0    0             @const2156
0     30   0    1             @SPRINTF
0     32   0    2             @PSTRINGC_2099
0     14   0    0             @const2161
0     18   0    0             @const2162
0     38   0    2             @PSTRINGR_2099
0     10   0    0             @const2165
0      6   0    0             @const2166
0    106   0    3    386  5.1  HTTP_Init
0   3162   6   16   7904 16.1  HTTP_Task
0     22   0    0    162  2.2  StackInit
0    440   1    8   2602 10.8  StackTask
0     40   0    0             @goto37944
0    764   1    0     27  1.5  @const2218
0     26   0    0    333  2.8  MACAddrInit
0     42   0    0    751  2.9  IPAddrInit
0    154   0    6    171  3.8  moveServo
0     56   0    5    333  2.8  @READBITA
0     66   0    6    751  2.9  @WRITEBITA
0    264   0    9    633  4.6  servoAccion
0     90   0    8    175  4.5  http_get_page
0    246   0   33    766  7.8  http_format_char
0     72   0    2    175  4.5  @PRINTF_X_2157
0     44   0    3             @DIV88
0    194   0    6    364  5.1  @PRINTF_D_2157
0    294   1   11    876  7.1  http_exec_cgi
0      8   0    0     84  2.0  @const2261
0     60   0    1             @STRFINDINLIST
0     40   0    2    751  2.9  @PSTRINGR_730
0    468   1    1    609  3.3  main
0     14   0    0             @const2269
0     34   0    2             @PSTRINGC_730
0     20   0    0    652  3.3  @const2271
0     44   0    3    175  4.5  @PSTRINGCN_730
0    130   0    2    766  7.8  @PRINTF_U_730
 Inline         0             @cinit1

Program metrics:
    Functions               117
    Statements              2002
    Comments                7385
    Volume (V)              172354
    Difficulty (D)          677.8
    Effort to implement (E) 116820277
    Time to implement (T)   1802 hours, 47 minutes
    Est Delivered Bugs (B)  80
    Cyclomatic Complexity   311
    Maintainability (MI)    74

 Segment     Used  Free
-----------  ----  ----
00000-00002     4  0  
00004-00006     2  2  
00008-000AC   166  0  
000AE-07FFE  28522  4072  



